[2020-06-19 10:24:00] DEBUG: Log4jTest.java:14 - 디버그!!kr.or.test.MemberVO@7106e68e
[2020-06-19 10:24:00] INFO : Log4jTest.java:15 - 인포!!
[2020-06-19 10:24:00] WARN : Log4jTest.java:16 - 워닝!!
[2020-06-19 10:24:00] ERROR: Log4jTest.java:17 - 에러!!
[2020-06-19 10:24:00] FATAL: Log4jTest.java:18 - 파탈에러!!
[2020-06-19 10:34:23] DEBUG: Log4jTest.java:14 - 디버그!!kr.or.test.MemberVO@7106e68e
[2020-06-19 10:34:23] INFO : Log4jTest.java:15 - 인포!!
[2020-06-19 10:34:23] WARN : Log4jTest.java:16 - 워닝!!
[2020-06-19 10:34:23] ERROR: Log4jTest.java:17 - 에러!!
[2020-06-19 10:34:23] FATAL: Log4jTest.java:18 - 파탈에러!!
[2020-06-19 10:35:22] DEBUG: Log4jTest.java:14 - 디버그!!kr.or.test.MemberVO@7106e68e
[2020-06-19 10:35:22] INFO : Log4jTest.java:15 - 인포!!
[2020-06-19 10:35:22] WARN : Log4jTest.java:16 - 워닝!!
[2020-06-19 10:35:22] ERROR: Log4jTest.java:17 - 에러!!
[2020-06-19 10:35:22] FATAL: Log4jTest.java:18 - 파탈에러!!
[2020-06-19 10:35:48] DEBUG: Log4jTest.java:14 - 디버그!!kr.or.test.MemberVO@7106e68e
[2020-06-19 10:35:48] INFO : Log4jTest.java:15 - 인포!!
[2020-06-19 10:35:48] WARN : Log4jTest.java:16 - 워닝!!
[2020-06-19 10:35:48] ERROR: Log4jTest.java:17 - 에러!!
[2020-06-19 10:35:48] FATAL: Log4jTest.java:18 - 파탈에러!!
[2020-06-19 10:37:23] DEBUG: Log4jTest.java:14 - 디버그!!kr.or.test.MemberVO@7106e68e
[2020-06-19 10:37:23] INFO : Log4jTest.java:15 - 인포!!
[2020-06-19 10:37:23] WARN : Log4jTest.java:16 - 워닝!!
[2020-06-19 10:37:23] ERROR: Log4jTest.java:17 - 에러!!
[2020-06-19 10:37:23] FATAL: Log4jTest.java:18 - 파탈에러!!
[2020-06-19 10:37:48] DEBUG: Log4jTest.java:14 - 디버그!!kr.or.test.MemberVO@7106e68e
[2020-06-19 10:37:48] INFO : Log4jTest.java:15 - 인포!!
[2020-06-19 10:37:48] WARN : Log4jTest.java:16 - 워닝!!
[2020-06-19 10:37:48] ERROR: Log4jTest.java:17 - 에러!!
[2020-06-19 10:37:48] FATAL: Log4jTest.java:18 - 파탈에러!!
[2020-06-19 11:06:53] DEBUG: Log4jTest.java:14 - 디버그!!kr.or.test.MemberVO@7106e68e
[2020-06-19 11:06:53] INFO : Log4jTest.java:15 - 인포!!
[2020-06-19 11:06:53] WARN : Log4jTest.java:16 - 워닝!!
[2020-06-19 11:06:53] ERROR: Log4jTest.java:17 - 에러!!
[2020-06-19 11:06:53] FATAL: Log4jTest.java:18 - 파탈에러!!
[2020-06-19 11:07:32] DEBUG: Log4jTest.java:14 - 디버그!!kr.or.test.MemberVO@7106e68e
[2020-06-19 11:07:32] INFO : Log4jTest.java:15 - 인포!!
[2020-06-19 11:07:32] WARN : Log4jTest.java:16 - 워닝!!
[2020-06-19 11:07:32] ERROR: Log4jTest.java:17 - 에러!!
[2020-06-19 11:07:32] FATAL: Log4jTest.java:18 - 파탈에러!!
[2020-06-19 11:08:07] DEBUG: Log4jTest.java:14 - 디버그!!kr.or.test.MemberVO@7106e68e
[2020-06-19 11:08:07] INFO : Log4jTest.java:15 - 인포!!
[2020-06-19 11:08:07] WARN : Log4jTest.java:16 - 워닝!!
[2020-06-19 11:08:07] ERROR: Log4jTest.java:17 - 에러!!
[2020-06-19 11:08:07] FATAL: Log4jTest.java:18 - 파탈에러!!
[2020-06-19 11:08:38] DEBUG: Log4jTest.java:14 - 디버그!!kr.or.test.MemberVO@7106e68e
[2020-06-19 11:08:38] INFO : Log4jTest.java:15 - 인포!!
[2020-06-19 11:08:38] WARN : Log4jTest.java:16 - 워닝!!
[2020-06-19 11:08:38] ERROR: Log4jTest.java:17 - 에러!!
[2020-06-19 11:08:38] FATAL: Log4jTest.java:18 - 파탈에러!!
[2020-06-19 11:09:00] DEBUG: Log4jTest.java:14 - 디버그!!kr.or.test.MemberVO@7106e68e
[2020-06-19 11:09:00] INFO : Log4jTest.java:15 - 인포!!
[2020-06-19 11:09:00] WARN : Log4jTest.java:16 - 워닝!!
[2020-06-19 11:09:00] ERROR: Log4jTest.java:17 - 에러!!
[2020-06-19 11:09:00] FATAL: Log4jTest.java:18 - 파탈에러!!
[2020-06-19 11:13:01] DEBUG: Log4jTest.java:14 - 디버그!!kr.or.test.MemberVO@7106e68e
[2020-06-19 11:13:01] INFO : Log4jTest.java:15 - 인포!!
[2020-06-19 11:13:01] WARN : Log4jTest.java:16 - 워닝!!
[2020-06-19 11:13:01] ERROR: Log4jTest.java:17 - 에러!!
[2020-06-19 11:13:01] FATAL: Log4jTest.java:18 - 파탈에러!!
[2020-06-19 11:13:46] DEBUG: Log4jTest.java:14 - 디버그!!MemberVO [name=김지혜, age=24, phoneNum=null]
[2020-06-19 11:13:46] INFO : Log4jTest.java:15 - 인포!!
[2020-06-19 11:13:46] WARN : Log4jTest.java:16 - 워닝!!
[2020-06-19 11:13:46] ERROR: Log4jTest.java:17 - 에러!!
[2020-06-19 11:13:46] FATAL: Log4jTest.java:18 - 파탈에러!!
[2020-06-19 11:29:44] INFO : Log4jTest.java:19 - test라는 메서드를 사용한 PC의 아이피는 : 192.168.56.1
[2020-06-19 11:29:44] DEBUG: Log4jTest.java:25 - 디버그!!MemberVO [name=김지혜, age=24, phoneNum=null]
[2020-06-19 11:29:44] INFO : Log4jTest.java:26 - 인포!!
[2020-06-19 11:29:44] WARN : Log4jTest.java:27 - 워닝!!
[2020-06-19 11:29:44] ERROR: Log4jTest.java:28 - 에러!!
[2020-06-19 11:29:44] FATAL: Log4jTest.java:29 - 파탈에러!!
[2020-06-24 15:06:18] INFO : AbstractTestContextBootstrapper.java:248 - Loaded default TestExecutionListener class names from location [META-INF/spring.factories]: [org.springframework.test.context.web.ServletTestExecutionListener, org.springframework.test.context.support.DirtiesContextBeforeModesTestExecutionListener, org.springframework.test.context.support.DependencyInjectionTestExecutionListener, org.springframework.test.context.support.DirtiesContextTestExecutionListener, org.springframework.test.context.transaction.TransactionalTestExecutionListener, org.springframework.test.context.jdbc.SqlScriptsTestExecutionListener]
[2020-06-24 15:06:18] INFO : AbstractTestContextBootstrapper.java:174 - Using TestExecutionListeners: [org.springframework.test.context.web.ServletTestExecutionListener@32d992b2, org.springframework.test.context.support.DirtiesContextBeforeModesTestExecutionListener@215be6bb, org.springframework.test.context.support.DependencyInjectionTestExecutionListener@4439f31e, org.springframework.test.context.support.DirtiesContextTestExecutionListener@5dfcfece, org.springframework.test.context.transaction.TransactionalTestExecutionListener@23ceabc1, org.springframework.test.context.jdbc.SqlScriptsTestExecutionListener@5d5eef3d]
[2020-06-24 15:06:18] INFO : XmlBeanDefinitionReader.java:317 - Loading XML bean definitions from file [C:\egov\workspace\jihye\src\main\webapp\WEB-INF\spring\appServlet\servlet-context.xml]
[2020-06-24 15:06:20] INFO : XmlBeanDefinitionReader.java:317 - Loading XML bean definitions from file [C:\egov\workspace\jihye\src\main\webapp\WEB-INF\spring\root-context.xml]
[2020-06-24 15:06:20] INFO : AbstractApplicationContext.java:583 - Refreshing org.springframework.web.context.support.GenericWebApplicationContext@3abbfa04: startup date [Wed Jun 24 15:06:20 KST 2020]; root of context hierarchy
[2020-06-24 15:06:20] INFO : AutowiredAnnotationBeanPostProcessor.java:155 - JSR-330 'javax.inject.Inject' annotation found and supported for autowiring
[2020-06-24 15:06:20] INFO : AbstractHandlerMethodMapping.java:544 - Mapped "{[/admin],methods=[GET]}" onto public java.lang.String org.edu.controller.AdminContorller.sample(java.util.Locale,org.springframework.ui.Model)
[2020-06-24 15:06:20] INFO : AbstractHandlerMethodMapping.java:544 - Mapped "{[/admin/member/list],methods=[GET]}" onto public java.lang.String org.edu.controller.AdminContorller.memberList(java.util.Locale,org.springframework.ui.Model)
[2020-06-24 15:06:20] INFO : AbstractHandlerMethodMapping.java:544 - Mapped "{[/admin/board/list],methods=[GET]}" onto public java.lang.String org.edu.controller.AdminContorller.boardList(java.util.Locale,org.springframework.ui.Model)
[2020-06-24 15:06:20] INFO : AbstractHandlerMethodMapping.java:544 - Mapped "{[/sample/test],methods=[GET]}" onto public java.lang.String org.edu.controller.HomeController.test(java.util.Locale,org.springframework.ui.Model)
[2020-06-24 15:06:20] INFO : AbstractHandlerMethodMapping.java:544 - Mapped "{[/],methods=[GET]}" onto public java.lang.String org.edu.controller.HomeController.home(java.util.Locale,org.springframework.ui.Model)
[2020-06-24 15:06:20] INFO : AbstractHandlerMethodMapping.java:544 - Mapped "{[/sample/hh],methods=[GET]}" onto public java.lang.String org.edu.controller.HomeController.hh(java.util.Locale,org.springframework.ui.Model)
[2020-06-24 15:06:20] INFO : AbstractHandlerMethodMapping.java:544 - Mapped "{[/sample/],methods=[GET]}" onto public java.lang.String org.edu.controller.HomeController.sample(java.util.Locale,org.springframework.ui.Model)
[2020-06-24 15:06:20] INFO : AbstractHandlerMethodMapping.java:544 - Mapped "{[/sample/HTMLTEST],methods=[GET]}" onto public java.lang.String org.edu.controller.HomeController.HTMLTEST(java.util.Locale,org.springframework.ui.Model)
[2020-06-24 15:06:20] INFO : AbstractHandlerMethodMapping.java:544 - Mapped "{[/sample/BLOG],methods=[GET]}" onto public java.lang.String org.edu.controller.HomeController.BLOG(java.util.Locale,org.springframework.ui.Model)
[2020-06-24 15:06:20] INFO : AbstractHandlerMethodMapping.java:544 - Mapped "{[/sample/WEARE],methods=[GET]}" onto public java.lang.String org.edu.controller.HomeController.WEARE(java.util.Locale,org.springframework.ui.Model)
[2020-06-24 15:06:20] INFO : AbstractHandlerMethodMapping.java:544 - Mapped "{[/sample/WORK],methods=[GET]}" onto public java.lang.String org.edu.controller.HomeController.WORK(java.util.Locale,org.springframework.ui.Model)
[2020-06-24 15:06:20] INFO : AbstractHandlerMethodMapping.java:544 - Mapped "{[/sample/CONTACTUS],methods=[GET]}" onto public java.lang.String org.edu.controller.HomeController.CONTACTUS(java.util.Locale,org.springframework.ui.Model)
[2020-06-24 15:06:20] INFO : AbstractHandlerMethodMapping.java:544 - Mapped "{[/sample/test2],methods=[GET]}" onto public java.lang.String org.edu.controller.HomeController.test2(java.util.Locale,org.springframework.ui.Model)
[2020-06-24 15:06:20] INFO : AbstractHandlerMethodMapping.java:544 - Mapped "{[/sample/slide],methods=[GET]}" onto public java.lang.String org.edu.controller.HomeController.slide(java.util.Locale,org.springframework.ui.Model)
[2020-06-24 15:06:20] INFO : RequestMappingHandlerAdapter.java:556 - Looking for @ControllerAdvice: org.springframework.web.context.support.GenericWebApplicationContext@3abbfa04: startup date [Wed Jun 24 15:06:20 KST 2020]; root of context hierarchy
[2020-06-24 15:06:20] INFO : RequestMappingHandlerAdapter.java:556 - Looking for @ControllerAdvice: org.springframework.web.context.support.GenericWebApplicationContext@3abbfa04: startup date [Wed Jun 24 15:06:20 KST 2020]; root of context hierarchy
[2020-06-24 15:06:20] INFO : AbstractUrlHandlerMapping.java:362 - Mapped URL path [/resources/**] onto handler 'org.springframework.web.servlet.resource.ResourceHttpRequestHandler#0'
[2020-06-24 15:06:20] INFO : EmbeddedDatabaseFactory.java:185 - Starting embedded database: url='jdbc:hsqldb:mem:dataSource', username='sa'
[2020-06-24 15:06:21] INFO : ScriptUtils.java:443 - Executing SQL script from class path resource [db/edu_hsql.sql]
[2020-06-24 15:06:21] INFO : ScriptUtils.java:509 - Executed SQL script from class path resource [db/edu_hsql.sql] in 12 ms.
[2020-06-24 15:06:21] INFO : AbstractApplicationContext.java:984 - Closing org.springframework.web.context.support.GenericWebApplicationContext@3abbfa04: startup date [Wed Jun 24 15:06:20 KST 2020]; root of context hierarchy
[2020-06-24 15:06:21] INFO : EmbeddedDatabaseFactory.java:216 - Shutting down embedded database: url='jdbc:hsqldb:mem:dataSource'
